<?xml version="1.0" encoding="utf-8"?><testsuites name="pytest tests"><testsuite name="pytest" errors="0" failures="0" skipped="0" tests="19" time="3.387" timestamp="2026-02-15T09:42:09.115420+00:00" hostname="agent-env-a5d49ef4-e249-463b-9845-2f94bbb4830b"><testcase classname="backend.tests.test_soundmirror_api.TestHealthEndpoint" name="test_health_check" time="0.164" /><testcase classname="backend.tests.test_soundmirror_api.TestLanguageEndpoints" name="test_get_languages" time="0.121" /><testcase classname="backend.tests.test_soundmirror_api.TestLanguageEndpoints" name="test_get_english_translations" time="0.116" /><testcase classname="backend.tests.test_soundmirror_api.TestLanguageEndpoints" name="test_get_alphabet" time="0.098" /><testcase classname="backend.tests.test_soundmirror_api.TestLanguageEndpoints" name="test_get_practice_words" time="0.097" /><testcase classname="backend.tests.test_soundmirror_api.TestPhonemeEndpoints" name="test_get_phoneme_map" time="0.096" /><testcase classname="backend.tests.test_soundmirror_api.TestPhonemeEndpoints" name="test_get_frame_info" time="0.093" /><testcase classname="backend.tests.test_soundmirror_api.TestPhonemeEndpoints" name="test_phoneme_detection_endpoint" time="0.121" /><testcase classname="backend.tests.test_soundmirror_api.TestPhonemeEndpoints" name="test_phoneme_to_frame" time="0.098" /><testcase classname="backend.tests.test_soundmirror_api.TestPhonemeEndpoints" name="test_word_to_frames" time="0.110" /><testcase classname="backend.tests.test_soundmirror_api.TestAudioEndpoints" name="test_get_letter_audio" time="0.114" /><testcase classname="backend.tests.test_soundmirror_api.TestAudioEndpoints" name="test_get_phoneme_audio" time="0.145" /><testcase classname="backend.tests.test_soundmirror_api.TestSessionEndpoints" name="test_create_session" time="0.219" /><testcase classname="backend.tests.test_soundmirror_api.TestSessionEndpoints" name="test_get_sessions" time="0.296" /><testcase classname="backend.tests.test_soundmirror_api.TestSessionEndpoints" name="test_get_session_by_id" time="0.301" /><testcase classname="backend.tests.test_soundmirror_api.TestSessionEndpoints" name="test_delete_session" time="0.814" /><testcase classname="backend.tests.test_soundmirror_api.TestGradingEndpoint" name="test_grade_attempt" time="0.110" /><testcase classname="backend.tests.test_soundmirror_api.TestBugReportEndpoints" name="test_create_bug_report" time="0.100" /><testcase classname="backend.tests.test_soundmirror_api.TestBugReportEndpoints" name="test_get_bug_reports" time="0.096" /></testsuite></testsuites>