<?xml version="1.0" encoding="utf-8"?><testsuites name="pytest tests"><testsuite name="pytest" errors="0" failures="0" skipped="0" tests="19" time="5.695" timestamp="2026-02-14T17:20:19.471172+00:00" hostname="agent-env-a5d49ef4-e249-463b-9845-2f94bbb4830b"><testcase classname="backend.tests.test_soundmirror_api.TestHealthEndpoint" name="test_health_check" time="1.297" /><testcase classname="backend.tests.test_soundmirror_api.TestLanguageEndpoints" name="test_get_languages" time="0.131" /><testcase classname="backend.tests.test_soundmirror_api.TestLanguageEndpoints" name="test_get_english_translations" time="0.142" /><testcase classname="backend.tests.test_soundmirror_api.TestLanguageEndpoints" name="test_get_alphabet" time="0.120" /><testcase classname="backend.tests.test_soundmirror_api.TestLanguageEndpoints" name="test_get_practice_words" time="0.100" /><testcase classname="backend.tests.test_soundmirror_api.TestPhonemeEndpoints" name="test_get_phoneme_map" time="0.110" /><testcase classname="backend.tests.test_soundmirror_api.TestPhonemeEndpoints" name="test_get_frame_info" time="0.106" /><testcase classname="backend.tests.test_soundmirror_api.TestPhonemeEndpoints" name="test_phoneme_detection_endpoint" time="0.195" /><testcase classname="backend.tests.test_soundmirror_api.TestPhonemeEndpoints" name="test_phoneme_to_frame" time="0.140" /><testcase classname="backend.tests.test_soundmirror_api.TestPhonemeEndpoints" name="test_word_to_frames" time="0.108" /><testcase classname="backend.tests.test_soundmirror_api.TestAudioEndpoints" name="test_get_letter_audio" time="0.125" /><testcase classname="backend.tests.test_soundmirror_api.TestAudioEndpoints" name="test_get_phoneme_audio" time="0.116" /><testcase classname="backend.tests.test_soundmirror_api.TestSessionEndpoints" name="test_create_session" time="0.279" /><testcase classname="backend.tests.test_soundmirror_api.TestSessionEndpoints" name="test_get_sessions" time="0.443" /><testcase classname="backend.tests.test_soundmirror_api.TestSessionEndpoints" name="test_get_session_by_id" time="1.418" /><testcase classname="backend.tests.test_soundmirror_api.TestSessionEndpoints" name="test_delete_session" time="0.378" /><testcase classname="backend.tests.test_soundmirror_api.TestGradingEndpoint" name="test_grade_attempt" time="0.107" /><testcase classname="backend.tests.test_soundmirror_api.TestBugReportEndpoints" name="test_create_bug_report" time="0.175" /><testcase classname="backend.tests.test_soundmirror_api.TestBugReportEndpoints" name="test_get_bug_reports" time="0.104" /></testsuite></testsuites>